TN:
SF:src\features\slices\constructor-slice\constructorSlice.ts
FN:21,prepare
FN:27,reducer
FN:46,removeIngredient
FN:55,moveIngredient
FN:70,clearConstructor
FN:83,selectConstructorState
FN:85,selectConstructorBun
FN:87,selectConstructorIngredients
FNF:8
FNH:5
FNDA:11,prepare
FNDA:11,reducer
FNDA:2,removeIngredient
FNDA:4,moveIngredient
FNDA:1,clearConstructor
FNDA:0,selectConstructorState
FNDA:0,selectConstructorBun
FNDA:0,selectConstructorIngredients
DA:1,1
DA:2,1
DA:3,1
DA:4,1
DA:5,1
DA:6,1
DA:7,1
DA:8,1
DA:9,1
DA:10,1
DA:11,1
DA:12,1
DA:13,1
DA:14,1
DA:15,1
DA:16,1
DA:17,1
DA:18,1
DA:19,1
DA:20,1
DA:21,1
DA:22,11
DA:23,11
DA:24,11
DA:25,11
DA:26,1
DA:27,1
DA:28,11
DA:29,11
DA:30,11
DA:31,11
DA:32,11
DA:33,11
DA:34,11
DA:35,2
DA:36,2
DA:37,2
DA:38,2
DA:39,2
DA:40,9
DA:41,9
DA:42,11
DA:43,11
DA:44,11
DA:45,1
DA:46,1
DA:47,2
DA:48,2
DA:49,2
DA:50,2
DA:51,2
DA:52,2
DA:53,2
DA:54,1
DA:55,1
DA:56,4
DA:57,4
DA:58,4
DA:59,4
DA:60,4
DA:61,4
DA:62,4
DA:63,4
DA:64,4
DA:65,4
DA:66,4
DA:67,4
DA:68,4
DA:69,1
DA:70,1
DA:71,1
DA:72,1
DA:73,1
DA:74,1
DA:75,1
DA:76,1
DA:77,1
DA:78,1
DA:79,1
DA:80,1
DA:81,1
DA:82,1
DA:83,1
DA:84,0
DA:85,1
DA:86,0
DA:87,1
DA:88,0
LF:88
LH:85
BRDA:21,0,0,11
BRDA:27,1,0,11
BRDA:32,2,0,0
BRDA:34,3,0,2
BRDA:39,4,0,9
BRDA:42,5,0,0
BRDA:46,6,0,2
BRDA:47,7,0,0
BRDA:51,8,0,1
BRDA:55,9,0,4
BRDA:59,10,0,0
BRDA:70,11,0,1
BRF:12
BRH:8
end_of_record
TN:
SF:src\features\slices\feeds-slice\feedsSlice.ts
FN:2,i
FN:2,Generator
FN:2,GeneratorFunction
FN:2,GeneratorFunctionPrototype
FN:2,f
FN:2,_regenerator
FN:2,_regeneratorDefine2
FN:2,_regeneratorDefine
FN:2,o
FN:2,_OverloadYield
FN:2,asyncGeneratorStep
FN:2,_asyncToGenerator
FN:33,_callee
FN:51,extraReducers
FN:72,selectFeeds
FN:73,selectFeedsLoading
FN:74,selectFeedsError
FN:75,selectFeedsTotal
FN:76,selectFeedsTotalToday
FNF:19
FNH:7
FNDA:0,i
FNDA:0,Generator
FNDA:0,GeneratorFunction
FNDA:0,GeneratorFunctionPrototype
FNDA:4,f
FNDA:2,_regenerator
FNDA:2,_regeneratorDefine2
FNDA:20,_regeneratorDefine
FNDA:6,o
FNDA:0,_OverloadYield
FNDA:0,asyncGeneratorStep
FNDA:2,_asyncToGenerator
FNDA:0,_callee
FNDA:2,extraReducers
FNDA:0,selectFeeds
FNDA:0,selectFeedsLoading
FNDA:0,selectFeedsError
FNDA:0,selectFeedsTotal
FNDA:0,selectFeedsTotalToday
DA:1,1
DA:2,0
DA:3,1
DA:4,1
DA:5,1
DA:6,1
DA:7,1
DA:8,1
DA:9,1
DA:10,1
DA:11,1
DA:12,1
DA:13,1
DA:14,1
DA:15,1
DA:16,1
DA:17,1
DA:18,1
DA:19,1
DA:20,1
DA:21,1
DA:22,1
DA:23,1
DA:24,1
DA:25,1
DA:26,1
DA:27,1
DA:28,1
DA:29,1
DA:30,1
DA:31,1
DA:32,1
DA:33,1
DA:34,0
DA:35,0
DA:36,0
DA:37,0
DA:38,0
DA:39,0
DA:40,0
DA:41,0
DA:42,0
DA:43,0
DA:44,2
DA:45,1
DA:46,1
DA:47,1
DA:48,1
DA:49,1
DA:50,1
DA:51,1
DA:52,2
DA:53,2
DA:54,1
DA:55,1
DA:56,2
DA:57,2
DA:58,1
DA:59,1
DA:60,1
DA:61,1
DA:62,2
DA:63,2
DA:64,1
DA:65,1
DA:66,2
DA:67,2
DA:68,1
DA:69,1
DA:70,1
DA:71,1
DA:72,1
DA:73,1
DA:74,1
DA:75,1
DA:76,1
DA:77,0
LF:77
LH:65
BRDA:2,0,0,0
BRDA:2,1,0,0
BRDA:2,2,0,0
BRDA:2,3,0,0
BRDA:2,4,0,4
BRDA:2,5,0,0
BRDA:2,6,0,2
BRDA:2,7,0,2
BRDA:2,8,0,0
BRDA:2,9,0,20
BRDA:2,10,0,18
BRDA:2,11,0,0
BRDA:2,12,0,2
BRDA:2,13,0,6
BRDA:2,14,0,2
BRDA:33,15,0,2
BRDA:51,16,0,2
BRDA:53,17,0,1
BRDA:57,18,0,1
BRDA:63,19,0,1
BRDA:65,20,0,0
BRF:21
BRH:13
end_of_record
TN:
SF:src\features\slices\ingredients-slice\ingredientsSlice.ts
FN:2,i
FN:2,Generator
FN:2,GeneratorFunction
FN:2,GeneratorFunctionPrototype
FN:2,f
FN:2,_regenerator
FN:2,_regeneratorDefine2
FN:2,_regeneratorDefine
FN:2,o
FN:2,_OverloadYield
FN:2,asyncGeneratorStep
FN:2,_asyncToGenerator
FN:20,_callee
FN:35,extraReducers
FN:57,selectIngredients
FN:58,selectIngredientsLoading
FN:60,selectIngredientsError
FNF:17
FNH:7
FNDA:0,i
FNDA:0,Generator
FNDA:0,GeneratorFunction
FNDA:0,GeneratorFunctionPrototype
FNDA:4,f
FNDA:2,_regenerator
FNDA:2,_regeneratorDefine2
FNDA:20,_regeneratorDefine
FNDA:6,o
FNDA:0,_OverloadYield
FNDA:0,asyncGeneratorStep
FNDA:2,_asyncToGenerator
FNDA:0,_callee
FNDA:2,extraReducers
FNDA:0,selectIngredients
FNDA:0,selectIngredientsLoading
FNDA:0,selectIngredientsError
DA:1,1
DA:2,0
DA:3,1
DA:4,1
DA:5,1
DA:6,1
DA:7,1
DA:8,1
DA:9,1
DA:10,1
DA:11,1
DA:12,1
DA:13,1
DA:14,1
DA:15,1
DA:16,1
DA:17,1
DA:18,1
DA:19,1
DA:20,1
DA:21,0
DA:22,0
DA:23,0
DA:24,0
DA:25,0
DA:26,0
DA:27,0
DA:28,2
DA:29,1
DA:30,1
DA:31,1
DA:32,1
DA:33,1
DA:34,1
DA:35,1
DA:36,2
DA:37,2
DA:38,1
DA:39,1
DA:40,2
DA:41,2
DA:42,2
DA:43,2
DA:44,1
DA:45,1
DA:46,1
DA:47,2
DA:48,2
DA:49,1
DA:50,1
DA:51,2
DA:52,2
DA:53,1
DA:54,1
DA:55,1
DA:56,1
DA:57,1
DA:58,1
DA:59,0
DA:60,1
LF:60
LH:51
BRDA:2,0,0,0
BRDA:2,1,0,0
BRDA:2,2,0,0
BRDA:2,3,0,0
BRDA:2,4,0,4
BRDA:2,5,0,0
BRDA:2,6,0,2
BRDA:2,7,0,2
BRDA:2,8,0,0
BRDA:2,9,0,20
BRDA:2,10,0,18
BRDA:2,11,0,0
BRDA:2,12,0,2
BRDA:2,13,0,6
BRDA:2,14,0,2
BRDA:20,15,0,2
BRDA:35,16,0,2
BRDA:37,17,0,1
BRDA:43,18,0,1
BRDA:48,19,0,1
BRF:20
BRH:13
end_of_record
TN:
SF:src\features\slices\orders-slice\ordersSlice.ts
FN:2,_regeneratorDefine2
FN:2,_regeneratorDefine
FN:2,o
FN:2,_OverloadYield
FN:2,asyncGeneratorStep
FN:2,_asyncToGenerator
FN:49,_callee
FN:67,_callee2
FN:87,_callee3
FN:107,clearCurrentOrder
FN:110,updateOrders
FN:114,extraReducers
FN:163,selectOrders
FN:164,selectCurrentOrder
FN:166,selectOrdersLoading
FN:168,selectOrderLoading
FN:170,selectPostOrderLoading
FN:172,selectOrdersError
FN:173,selectOrderError
FN:174,selectPostOrderError
FNF:20
FNH:6
FNDA:2,_regeneratorDefine2
FNDA:20,_regeneratorDefine
FNDA:6,o
FNDA:0,_OverloadYield
FNDA:0,asyncGeneratorStep
FNDA:6,_asyncToGenerator
FNDA:0,_callee
FNDA:0,_callee2
FNDA:0,_callee3
FNDA:1,clearCurrentOrder
FNDA:0,updateOrders
FNDA:2,extraReducers
FNDA:0,selectOrders
FNDA:0,selectCurrentOrder
FNDA:0,selectOrdersLoading
FNDA:0,selectOrderLoading
FNDA:0,selectPostOrderLoading
FNDA:0,selectOrdersError
FNDA:0,selectOrderError
FNDA:0,selectPostOrderError
DA:1,1
DA:2,0
DA:3,1
DA:4,1
DA:5,1
DA:6,1
DA:7,1
DA:8,1
DA:9,1
DA:10,1
DA:11,1
DA:12,1
DA:13,1
DA:14,1
DA:15,1
DA:16,1
DA:17,1
DA:18,1
DA:19,1
DA:20,1
DA:21,1
DA:22,1
DA:23,1
DA:24,1
DA:25,1
DA:26,1
DA:27,1
DA:28,1
DA:29,1
DA:30,1
DA:31,1
DA:32,1
DA:33,1
DA:34,1
DA:35,1
DA:36,1
DA:37,1
DA:38,1
DA:39,1
DA:40,1
DA:41,1
DA:42,1
DA:43,1
DA:44,1
DA:45,1
DA:46,1
DA:47,1
DA:48,1
DA:49,1
DA:50,0
DA:51,0
DA:52,0
DA:53,0
DA:54,0
DA:55,0
DA:56,0
DA:57,0
DA:58,0
DA:59,0
DA:60,2
DA:61,1
DA:62,1
DA:63,1
DA:64,1
DA:65,1
DA:66,1
DA:67,1
DA:68,0
DA:69,0
DA:70,0
DA:71,0
DA:72,0
DA:73,0
DA:74,0
DA:75,0
DA:76,0
DA:77,0
DA:78,0
DA:79,0
DA:80,2
DA:81,1
DA:82,1
DA:83,1
DA:84,1
DA:85,1
DA:86,1
DA:87,1
DA:88,0
DA:89,0
DA:90,0
DA:91,0
DA:92,0
DA:93,0
DA:94,0
DA:95,0
DA:96,0
DA:97,0
DA:98,0
DA:99,0
DA:100,2
DA:101,1
DA:102,1
DA:103,1
DA:104,1
DA:105,1
DA:106,1
DA:107,1
DA:108,1
DA:109,1
DA:110,1
DA:111,0
DA:112,0
DA:113,1
DA:114,1
DA:115,2
DA:116,2
DA:117,2
DA:118,1
DA:119,1
DA:120,2
DA:121,2
DA:122,1
DA:123,1
DA:124,2
DA:125,2
DA:126,1
DA:127,1
DA:128,2
DA:129,2
DA:130,2
DA:131,1
DA:132,1
DA:133,2
DA:134,2
DA:135,1
DA:136,1
DA:137,2
DA:138,2
DA:139,1
DA:140,1
DA:141,2
DA:142,2
DA:143,2
DA:144,1
DA:145,1
DA:146,2
DA:147,2
DA:148,1
DA:149,1
DA:150,2
DA:151,2
DA:152,1
DA:153,1
DA:154,2
DA:155,2
DA:156,1
DA:157,1
DA:158,1
DA:159,1
DA:160,1
DA:161,1
DA:162,1
DA:163,1
DA:164,1
DA:165,0
DA:166,1
DA:167,0
DA:168,1
DA:169,0
DA:170,1
DA:171,0
DA:172,1
DA:173,1
DA:174,1
DA:175,0
LF:175
LH:133
BRDA:2,0,0,2
BRDA:2,1,0,0
BRDA:2,2,0,20
BRDA:2,3,0,18
BRDA:2,4,0,0
BRDA:2,5,0,2
BRDA:2,6,0,6
BRDA:2,7,0,6
BRDA:49,8,0,2
BRDA:67,9,0,2
BRDA:87,10,0,2
BRDA:107,11,0,1
BRDA:114,12,0,2
BRDA:117,13,0,1
BRDA:121,14,0,1
BRDA:125,15,0,1
BRDA:127,16,0,0
BRDA:130,17,0,1
BRDA:134,18,0,1
BRDA:138,19,0,1
BRDA:140,20,0,0
BRDA:143,21,0,1
BRDA:147,22,0,1
BRDA:151,23,0,1
BRDA:153,24,0,0
BRF:25
BRH:20
end_of_record
TN:
SF:src\features\slices\user-slice\userSlice.ts
FN:2,_regeneratorDefine2
FN:2,_regeneratorDefine
FN:2,o
FN:2,_OverloadYield
FN:2,asyncGeneratorStep
FN:2,_asyncToGenerator
FN:37,saveTokens
FN:44,removeTokens
FN:55,_callee
FN:71,_callee2
FN:85,_callee3
FN:105,_callee4
FN:120,_callee5
FN:133,_callee6
FN:149,_callee7
FN:165,_callee8
FN:200,extraReducers
FN:309,selectUser
FN:310,selectRegisterLoading
FN:312,selectRegisterError
FN:314,selectLoginLoading
FN:315,selectLoginError
FN:316,selectForgotLoading
FN:318,selectForgotError
FN:319,selectResetLoading
FN:320,selectResetError
FN:321,selectGetUserLoading
FN:323,selectGetUserError
FN:324,selectUpdateLoading
FN:326,selectUpdateError
FN:327,selectLogoutLoading
FN:329,selectLogoutError
FNF:32
FNH:5
FNDA:2,_regeneratorDefine2
FNDA:20,_regeneratorDefine
FNDA:6,o
FNDA:0,_OverloadYield
FNDA:0,asyncGeneratorStep
FNDA:16,_asyncToGenerator
FNDA:0,saveTokens
FNDA:0,removeTokens
FNDA:0,_callee
FNDA:0,_callee2
FNDA:0,_callee3
FNDA:0,_callee4
FNDA:0,_callee5
FNDA:0,_callee6
FNDA:0,_callee7
FNDA:0,_callee8
FNDA:2,extraReducers
FNDA:0,selectUser
FNDA:0,selectRegisterLoading
FNDA:0,selectRegisterError
FNDA:0,selectLoginLoading
FNDA:0,selectLoginError
FNDA:0,selectForgotLoading
FNDA:0,selectForgotError
FNDA:0,selectResetLoading
FNDA:0,selectResetError
FNDA:0,selectGetUserLoading
FNDA:0,selectGetUserError
FNDA:0,selectUpdateLoading
FNDA:0,selectUpdateError
FNDA:0,selectLogoutLoading
FNDA:0,selectLogoutError
DA:1,1
DA:2,0
DA:3,1
DA:4,1
DA:5,1
DA:6,1
DA:7,1
DA:8,1
DA:9,1
DA:10,1
DA:11,1
DA:12,1
DA:13,1
DA:14,1
DA:15,1
DA:16,1
DA:17,1
DA:18,1
DA:19,1
DA:20,1
DA:21,1
DA:22,1
DA:23,1
DA:24,1
DA:25,1
DA:26,1
DA:27,1
DA:28,1
DA:29,1
DA:30,1
DA:31,1
DA:32,1
DA:33,1
DA:34,1
DA:35,1
DA:36,1
DA:37,1
DA:38,0
DA:39,0
DA:40,0
DA:41,0
DA:42,0
DA:43,1
DA:44,1
DA:45,0
DA:46,0
DA:47,0
DA:48,0
DA:49,0
DA:50,1
DA:51,1
DA:52,1
DA:53,1
DA:54,1
DA:55,1
DA:56,0
DA:57,0
DA:58,0
DA:59,0
DA:60,0
DA:61,0
DA:62,0
DA:63,0
DA:64,2
DA:65,1
DA:66,1
DA:67,1
DA:68,1
DA:69,1
DA:70,1
DA:71,1
DA:72,0
DA:73,0
DA:74,0
DA:75,0
DA:76,0
DA:77,0
DA:78,0
DA:79,0
DA:80,2
DA:81,1
DA:82,1
DA:83,1
DA:84,1
DA:85,2
DA:86,0
DA:87,0
DA:88,0
DA:89,0
DA:90,0
DA:91,0
DA:92,0
DA:93,0
DA:94,0
DA:95,0
DA:96,0
DA:97,2
DA:98,2
DA:99,1
DA:100,1
DA:101,1
DA:102,1
DA:103,1
DA:104,1
DA:105,1
DA:106,0
DA:107,0
DA:108,0
DA:109,0
DA:110,0
DA:111,0
DA:112,0
DA:113,2
DA:114,1
DA:115,1
DA:116,1
DA:117,1
DA:118,1
DA:119,1
DA:120,1
DA:121,0
DA:122,0
DA:123,0
DA:124,0
DA:125,0
DA:126,0
DA:127,0
DA:128,2
DA:129,1
DA:130,1
DA:131,1
DA:132,1
DA:133,2
DA:134,0
DA:135,0
DA:136,0
DA:137,0
DA:138,0
DA:139,0
DA:140,0
DA:141,2
DA:142,2
DA:143,1
DA:144,1
DA:145,1
DA:146,1
DA:147,1
DA:148,1
DA:149,1
DA:150,0
DA:151,0
DA:152,0
DA:153,0
DA:154,0
DA:155,0
DA:156,0
DA:157,0
DA:158,0
DA:159,0
DA:160,2
DA:161,1
DA:162,1
DA:163,1
DA:164,1
DA:165,2
DA:166,0
DA:167,0
DA:168,0
DA:169,0
DA:170,0
DA:171,0
DA:172,0
DA:173,0
DA:174,2
DA:175,2
DA:176,1
DA:177,1
DA:178,1
DA:179,1
DA:180,1
DA:181,1
DA:182,1
DA:183,1
DA:184,1
DA:185,1
DA:186,1
DA:187,1
DA:188,1
DA:189,1
DA:190,1
DA:191,1
DA:192,1
DA:193,1
DA:194,1
DA:195,1
DA:196,1
DA:197,1
DA:198,1
DA:199,1
DA:200,1
DA:201,2
DA:202,2
DA:203,2
DA:204,1
DA:205,1
DA:206,2
DA:207,2
DA:208,1
DA:209,1
DA:210,2
DA:211,2
DA:212,1
DA:213,1
DA:214,2
DA:215,2
DA:216,2
DA:217,1
DA:218,1
DA:219,2
DA:220,2
DA:221,1
DA:222,1
DA:223,2
DA:224,2
DA:225,1
DA:226,1
DA:227,2
DA:228,2
DA:229,2
DA:230,1
DA:231,1
DA:232,2
DA:233,2
DA:234,1
DA:235,1
DA:236,2
DA:237,2
DA:238,1
DA:239,1
DA:240,2
DA:241,2
DA:242,2
DA:243,1
DA:244,1
DA:245,2
DA:246,2
DA:247,1
DA:248,2
DA:249,2
DA:250,1
DA:251,1
DA:252,2
DA:253,2
DA:254,2
DA:255,1
DA:256,1
DA:257,2
DA:258,2
DA:259,1
DA:260,2
DA:261,2
DA:262,1
DA:263,1
DA:264,2
DA:265,2
DA:266,2
DA:267,1
DA:268,1
DA:269,2
DA:270,2
DA:271,1
DA:272,1
DA:273,2
DA:274,2
DA:275,1
DA:276,1
DA:277,2
DA:278,2
DA:279,2
DA:280,1
DA:281,1
DA:282,2
DA:283,2
DA:284,1
DA:285,1
DA:286,2
DA:287,2
DA:288,1
DA:289,1
DA:290,2
DA:291,2
DA:292,2
DA:293,1
DA:294,1
DA:295,2
DA:296,2
DA:297,1
DA:298,1
DA:299,2
DA:300,2
DA:301,1
DA:302,1
DA:303,2
DA:304,2
DA:305,1
DA:306,1
DA:307,1
DA:308,1
DA:309,1
DA:310,1
DA:311,0
DA:312,1
DA:313,0
DA:314,1
DA:315,1
DA:316,1
DA:317,0
DA:318,1
DA:319,1
DA:320,1
DA:321,1
DA:322,0
DA:323,1
DA:324,1
DA:325,0
DA:326,1
DA:327,1
DA:328,0
DA:329,1
LF:329
LH:246
BRDA:2,0,0,2
BRDA:2,1,0,0
BRDA:2,2,0,20
BRDA:2,3,0,18
BRDA:2,4,0,0
BRDA:2,5,0,2
BRDA:2,6,0,6
BRDA:2,7,0,16
BRDA:55,8,0,2
BRDA:71,9,0,2
BRDA:84,10,0,2
BRDA:105,11,0,2
BRDA:120,12,0,2
BRDA:132,13,0,2
BRDA:149,14,0,2
BRDA:164,15,0,2
BRDA:200,16,0,2
BRDA:203,17,0,1
BRDA:207,18,0,1
BRDA:211,19,0,1
BRDA:216,20,0,1
BRDA:220,21,0,1
BRDA:224,22,0,1
BRDA:229,23,0,1
BRDA:233,24,0,1
BRDA:237,25,0,1
BRDA:242,26,0,1
BRDA:246,27,0,1
BRDA:249,28,0,1
BRDA:254,29,0,1
BRDA:258,30,0,1
BRDA:261,31,0,1
BRDA:266,32,0,1
BRDA:270,33,0,1
BRDA:274,34,0,1
BRDA:279,35,0,1
BRDA:283,36,0,1
BRDA:287,37,0,1
BRDA:292,38,0,1
BRDA:296,39,0,1
BRDA:300,40,0,1
BRF:41
BRH:39
end_of_record
TN:
SF:src\services\store.ts
FN:22,middleware
FN:37,useDispatch
FNF:2
FNH:1
FNDA:2,middleware
FNDA:0,useDispatch
DA:1,1
DA:2,1
DA:3,1
DA:4,1
DA:5,1
DA:6,1
DA:7,1
DA:8,1
DA:9,1
DA:10,1
DA:11,1
DA:12,1
DA:13,1
DA:14,1
DA:15,1
DA:16,1
DA:17,1
DA:18,1
DA:19,1
DA:20,1
DA:21,1
DA:22,1
DA:23,2
DA:24,2
DA:25,2
DA:26,2
DA:27,2
DA:28,2
DA:29,2
DA:30,1
DA:31,1
DA:32,1
DA:33,1
DA:34,1
DA:35,1
DA:36,1
DA:37,1
DA:38,1
DA:39,1
DA:40,1
LF:40
LH:40
BRDA:22,0,0,2
BRF:1
BRH:1
end_of_record
TN:
SF:src\utils\burger-api.ts
FN:2,_regenerator
FN:2,i
FN:2,Generator
FN:2,GeneratorFunction
FN:2,GeneratorFunctionPrototype
FN:2,f
FN:2,_regenerator
FN:2,_regeneratorDefine2
FN:2,_regeneratorDefine
FN:2,o
FN:2,_OverloadYield
FN:2,asyncGeneratorStep
FN:2,_asyncToGenerator
FN:6,checkResponse
FN:18,refreshToken
FN:38,_callee
FN:74,getIngredientsApi
FN:82,getFeedsApi
FN:90,getOrdersApi
FN:107,orderBurgerApi
FN:126,getOrderByNumberApi
FN:146,registerUserApi
FN:165,loginUserApi
FN:179,forgotPasswordApi
FN:193,resetPasswordApi
FN:209,getUserApi
FN:216,updateUserApi
FN:226,logoutApi
FNF:28
FNH:7
FNDA:5,_regenerator
FNDA:0,i
FNDA:0,Generator
FNDA:0,GeneratorFunction
FNDA:0,GeneratorFunctionPrototype
FNDA:10,f
FNDA:5,_regenerator
FNDA:5,_regeneratorDefine2
FNDA:50,_regeneratorDefine
FNDA:15,o
FNDA:0,_OverloadYield
FNDA:0,asyncGeneratorStep
FNDA:5,_asyncToGenerator
FNDA:0,checkResponse
FNDA:0,refreshToken
FNDA:0,_callee
FNDA:0,getIngredientsApi
FNDA:0,getFeedsApi
FNDA:0,getOrdersApi
FNDA:0,orderBurgerApi
FNDA:0,getOrderByNumberApi
FNDA:0,registerUserApi
FNDA:0,loginUserApi
FNDA:0,forgotPasswordApi
FNDA:0,resetPasswordApi
FNDA:0,getUserApi
FNDA:0,updateUserApi
FNDA:0,logoutApi
DA:1,1
DA:2,0
DA:3,1
DA:4,1
DA:5,1
DA:6,1
DA:7,0
DA:8,1
DA:9,1
DA:10,1
DA:11,1
DA:12,1
DA:13,1
DA:14,1
DA:15,1
DA:16,1
DA:17,1
DA:18,1
DA:19,0
DA:20,0
DA:21,0
DA:22,0
DA:23,0
DA:24,0
DA:25,0
DA:26,0
DA:27,0
DA:28,0
DA:29,0
DA:30,0
DA:31,0
DA:32,0
DA:33,0
DA:34,0
DA:35,0
DA:36,0
DA:37,1
DA:38,1
DA:39,0
DA:40,0
DA:41,0
DA:42,0
DA:43,0
DA:44,0
DA:45,0
DA:46,0
DA:47,0
DA:48,0
DA:49,0
DA:50,0
DA:51,0
DA:52,0
DA:53,0
DA:54,0
DA:55,0
DA:56,1
DA:57,1
DA:58,1
DA:59,1
DA:60,1
DA:61,1
DA:62,1
DA:63,1
DA:64,1
DA:65,1
DA:66,1
DA:67,1
DA:68,1
DA:69,1
DA:70,1
DA:71,1
DA:72,1
DA:73,1
DA:74,1
DA:75,0
DA:76,0
DA:77,0
DA:78,0
DA:79,0
DA:80,0
DA:81,1
DA:82,1
DA:83,0
DA:84,0
DA:85,0
DA:86,0
DA:87,0
DA:88,0
DA:89,1
DA:90,1
DA:91,0
DA:92,0
DA:93,0
DA:94,0
DA:95,0
DA:96,0
DA:97,0
DA:98,0
DA:99,0
DA:100,0
DA:101,1
DA:102,1
DA:103,1
DA:104,1
DA:105,1
DA:106,1
DA:107,1
DA:108,0
DA:109,0
DA:110,0
DA:111,0
DA:112,0
DA:113,0
DA:114,0
DA:115,0
DA:116,0
DA:117,0
DA:118,0
DA:119,0
DA:120,0
DA:121,1
DA:122,1
DA:123,1
DA:124,1
DA:125,1
DA:126,1
DA:127,0
DA:128,0
DA:129,0
DA:130,0
DA:131,0
DA:132,0
DA:133,1
DA:134,1
DA:135,1
DA:136,1
DA:137,1
DA:138,1
DA:139,1
DA:140,1
DA:141,1
DA:142,1
DA:143,1
DA:144,1
DA:145,1
DA:146,1
DA:147,0
DA:148,0
DA:149,0
DA:150,0
DA:151,0
DA:152,0
DA:153,0
DA:154,0
DA:155,0
DA:156,0
DA:157,0
DA:158,0
DA:159,1
DA:160,1
DA:161,1
DA:162,1
DA:163,1
DA:164,1
DA:165,1
DA:166,0
DA:167,0
DA:168,0
DA:169,0
DA:170,0
DA:171,0
DA:172,0
DA:173,0
DA:174,0
DA:175,0
DA:176,0
DA:177,0
DA:178,1
DA:179,1
DA:180,0
DA:181,0
DA:182,0
DA:183,0
DA:184,0
DA:185,0
DA:186,0
DA:187,0
DA:188,0
DA:189,0
DA:190,0
DA:191,0
DA:192,1
DA:193,1
DA:194,0
DA:195,0
DA:196,0
DA:197,0
DA:198,0
DA:199,0
DA:200,0
DA:201,0
DA:202,0
DA:203,0
DA:204,0
DA:205,0
DA:206,1
DA:207,1
DA:208,1
DA:209,1
DA:210,0
DA:211,0
DA:212,0
DA:213,0
DA:214,0
DA:215,1
DA:216,1
DA:217,0
DA:218,0
DA:219,0
DA:220,0
DA:221,0
DA:222,0
DA:223,0
DA:224,0
DA:225,1
DA:226,1
DA:227,0
DA:228,0
DA:229,0
DA:230,0
DA:231,0
DA:232,0
DA:233,0
DA:234,0
DA:235,0
LF:235
LH:87
BRDA:2,0,0,5
BRDA:2,1,0,0
BRDA:2,2,0,0
BRDA:2,3,0,0
BRDA:2,4,0,0
BRDA:2,5,0,10
BRDA:2,6,0,0
BRDA:2,7,0,5
BRDA:2,8,0,5
BRDA:2,9,0,0
BRDA:2,10,0,50
BRDA:2,11,0,45
BRDA:2,12,0,0
BRDA:2,13,0,5
BRDA:2,14,0,15
BRDA:2,15,0,5
BRDA:38,16,0,5
BRF:17
BRH:10
end_of_record
TN:
SF:src\utils\cookie.ts
FN:1,getCookie
FN:13,setCookie
FN:45,deleteCookie
FNF:3
FNH:0
FNDA:0,getCookie
FNDA:0,setCookie
FNDA:0,deleteCookie
DA:1,1
DA:2,0
DA:3,0
DA:4,0
DA:5,0
DA:6,0
DA:7,0
DA:8,0
DA:9,0
DA:10,0
DA:11,0
DA:12,1
DA:13,1
DA:14,0
DA:15,0
DA:16,0
DA:17,0
DA:18,0
DA:19,0
DA:20,0
DA:21,0
DA:22,0
DA:23,0
DA:24,0
DA:25,0
DA:26,0
DA:27,0
DA:28,0
DA:29,0
DA:30,0
DA:31,0
DA:32,0
DA:33,0
DA:34,0
DA:35,0
DA:36,0
DA:37,0
DA:38,0
DA:39,0
DA:40,0
DA:41,0
DA:42,0
DA:43,0
DA:44,1
DA:45,1
DA:46,0
DA:47,0
LF:47
LH:5
BRF:0
BRH:0
end_of_record
